11:08:55.190 [main] INFO  testCases.LoginTest - *** Starting TC_001_LoginTest ***
11:08:55.734 [main] INFO  testCases.LoginTest - Login UserName and Password is entered and Clicked on SignIN button.
11:11:26.788 [main] INFO  testCases.LoginTest - *** Starting TC_001_LoginTest ***
11:11:27.343 [main] INFO  testCases.LoginTest - Login UserName and Password is entered and Clicked on SignIN button.
11:11:28.612 [main] INFO  testCases.LoginTest - Login for user is sucessful.
11:11:29.313 [main] INFO  testCases.LoginTest - SignOut for user is done sucessfully.
11:11:29.314 [main] INFO  testCases.LoginTest - *** Finish Execution of TC_001_LoginTest ***
11:40:34.205 [main] INFO  testCases.TC_001_LoginTest - *** Starting TC_001_LoginTest ***
11:40:34.741 [main] INFO  testCases.TC_001_LoginTest - Login UserName and Password is entered and Clicked on SignIN button.
11:41:23.815 [main] INFO  testCases.TC_001_LoginTest - *** Starting TC_001_LoginTest ***
11:41:24.164 [main] INFO  testCases.TC_001_LoginTest - Login UserName and Password is entered and Clicked on SignIN button.
11:41:25.359 [main] INFO  testCases.TC_001_LoginTest - Login for user is sucessful.
12:22:46.510 [main] INFO  testCases.TC_001_LoginTest - Chrome Driver is started
12:22:48.059 [main] INFO  testCases.TC_001_LoginTest - *** Starting TC_001_LoginTest ***
12:22:48.489 [main] INFO  testCases.TC_001_LoginTest - Login UserName and Password is entered and Clicked on SignIN button.
12:25:43.936 [main] INFO  testCases.TC_001_LoginTest - Chrome Driver is started
12:25:45.041 [main] INFO  testCases.TC_001_LoginTest - *** Starting TC_001_LoginTest ***
12:25:45.508 [main] INFO  testCases.TC_001_LoginTest - Login UserName and Password is entered and Clicked on SignIN button.
14:15:38.880 [main] INFO  testCases.TC_001_LoginTest - Chrome Driver is started
14:15:39.886 [main] INFO  testCases.TC_001_LoginTest - *** Starting TC_001_LoginTest ***
14:15:40.379 [main] INFO  testCases.TC_001_LoginTest - Login UserName and Password is entered and Clicked on SignIN button.
14:17:46.825 [main] INFO  testCases.TC_001_LoginTest - Chrome Driver is started
14:17:47.869 [main] INFO  testCases.TC_001_LoginTest - *** Starting TC_001_LoginTest ***
14:17:48.302 [main] INFO  testCases.TC_001_LoginTest - Login UserName and Password is entered and Clicked on SignIN button.
14:30:24.489 [main] INFO  testCases.TC_001_LoginTest - Chrome Driver is started
14:30:25.802 [main] INFO  testCases.TC_001_LoginTest - *** Starting TC_001_LoginTest ***
14:30:26.302 [main] INFO  testCases.TC_001_LoginTest - Login UserName and Password is entered and Clicked on SignIN button.
14:30:27.344 [main] INFO  testCases.TC_001_LoginTest - Login for user is sucessful.
14:30:28.157 [main] INFO  testCases.TC_001_LoginTest - SignOut for user is done sucessfully.
14:30:28.157 [main] INFO  testCases.TC_001_LoginTest - *** Finish Execution of TC_001_LoginTest ***
17:40:19.341 [main] INFO  testCases.TC_002_NewUserRegistrationTest - Chrome Driver is started
17:40:22.378 [main] INFO  testCases.TC_002_NewUserRegistrationTest - Chrome Driver is started
17:42:22.951 [main] INFO  testCases.TC_002_NewUserRegistrationTest - Chrome Driver is started
17:42:26.154 [main] INFO  testCases.TC_002_NewUserRegistrationTest - Chrome Driver is started
17:47:00.828 [main] INFO  testCases.TC_002_NewUserRegistrationTest - Chrome Driver is started
17:47:03.803 [main] INFO  testCases.TC_002_NewUserRegistrationTest - Chrome Driver is started
17:48:27.193 [main] INFO  testCases.TC_002_NewUserRegistrationTest - Chrome Driver is started
17:48:30.362 [main] INFO  testCases.TC_002_NewUserRegistrationTest - Chrome Driver is started
13:04:55.288 [main] INFO  testCases.TC_001_LoginTest - Chrome Driver is started
13:04:58.126 [main] INFO  testCases.TC_001_LoginTest - Chrome Driver is started
13:04:59.303 [main] INFO  testCases.TC_001_LoginTest - *** Starting TC_001_LoginTest ***
13:04:59.833 [main] INFO  testCases.TC_001_LoginTest - Login UserName and Password is entered and Clicked on SignIN button.
13:12:38.113 [main] INFO  testCases.TC_001_LoginTest - Chrome Driver is started
13:12:41.266 [main] INFO  testCases.TC_001_LoginTest - Chrome Driver is started
13:12:42.494 [main] INFO  testCases.TC_001_LoginTest - *** Starting TC_001_LoginTest ***
13:12:43.009 [main] INFO  testCases.TC_001_LoginTest - Login UserName and Password is entered and Clicked on SignIN button.
13:12:44.744 [main] INFO  testCases.TC_001_LoginTest - Login for user is sucessful.
13:12:45.435 [main] INFO  testCases.TC_001_LoginTest - SignOut for user is done sucessfully.
13:12:45.435 [main] INFO  testCases.TC_001_LoginTest - *** Finish Execution of TC_001_LoginTest ***
13:14:34.669 [main] INFO  testCases.TC_001_LoginTest - Chrome Driver is started
13:14:38.093 [main] INFO  testCases.TC_001_LoginTest - Chrome Driver is started
13:14:38.994 [main] INFO  testCases.TC_001_LoginTest - *** Starting TC_001_LoginTest ***
13:14:39.492 [main] INFO  testCases.TC_001_LoginTest - Login UserName and Password is entered and Clicked on SignIN button.
13:14:40.417 [main] INFO  testCases.TC_001_LoginTest - Login for user is sucessful.
13:14:41.108 [main] INFO  testCases.TC_001_LoginTest - SignOut for user is done sucessfully.
13:14:41.109 [main] INFO  testCases.TC_001_LoginTest - *** Finish Execution of TC_001_LoginTest ***
13:18:02.892 [main] INFO  testCases.TC_001_LoginTest - Chrome Driver is started
13:18:05.846 [main] INFO  testCases.TC_001_LoginTest - Chrome Driver is started
13:18:06.733 [main] INFO  testCases.TC_001_LoginTest - *** Starting TC_001_LoginTest ***
13:18:07.303 [main] INFO  testCases.TC_001_LoginTest - Login UserName and Password is entered and Clicked on SignIN button.
13:18:08.237 [main] INFO  testCases.TC_001_LoginTest - Login for user is sucessful.
13:18:08.877 [main] INFO  testCases.TC_001_LoginTest - SignOut for user is done sucessfully.
13:18:08.877 [main] INFO  testCases.TC_001_LoginTest - *** Finish Execution of TC_001_LoginTest ***
13:19:43.653 [main] INFO  testCases.TC_001_LoginTest - Chrome Driver is started
13:19:46.671 [main] INFO  testCases.TC_001_LoginTest - Chrome Driver is started
13:19:47.736 [main] INFO  testCases.TC_001_LoginTest - *** Starting TC_001_LoginTest ***
13:19:48.201 [main] INFO  testCases.TC_001_LoginTest - Login UserName and Password is entered and Clicked on SignIN button.
13:19:49.052 [main] INFO  testCases.TC_001_LoginTest - Login for user is sucessful.
13:19:49.737 [main] INFO  testCases.TC_001_LoginTest - SignOut for user is done sucessfully.
13:19:49.737 [main] INFO  testCases.TC_001_LoginTest - *** Finish Execution of TC_001_LoginTest ***
13:22:35.710 [main] INFO  testCases.TC_001_LoginTest - Chrome Driver is started
13:22:38.888 [main] INFO  testCases.TC_001_LoginTest - Chrome Driver is started
13:22:39.958 [main] INFO  testCases.TC_001_LoginTest - *** Starting TC_001_LoginTest ***
13:22:40.416 [main] INFO  testCases.TC_001_LoginTest - Login UserName and Password is entered and Clicked on SignIN button.
13:43:29.571 [main] INFO  testCases.TC_002_NewUserRegistrationTest - Chrome Driver is started
13:43:32.692 [main] INFO  testCases.TC_002_NewUserRegistrationTest - Chrome Driver is started
13:43:33.634 [main] INFO  testCases.TC_002_NewUserRegistrationTest - *** Starting TC_002_NewUserRegistrationTest ***
13:43:56.516 [main] INFO  testCases.TC_002_NewUserRegistrationTest - New User: Name,Email,Password entered.
13:43:57.115 [main] INFO  testCases.TC_002_NewUserRegistrationTest - New User: Intrest,Gender,State and Hobbies enetred.
13:46:30.485 [main] INFO  testCases.TC_002_NewUserRegistrationTest - Chrome Driver is started
13:46:34.205 [main] INFO  testCases.TC_002_NewUserRegistrationTest - Chrome Driver is started
13:46:35.077 [main] INFO  testCases.TC_002_NewUserRegistrationTest - *** Starting TC_002_NewUserRegistrationTest ***
13:46:36.382 [main] INFO  testCases.TC_002_NewUserRegistrationTest - New User: Name,Email,Password entered.
13:46:36.958 [main] INFO  testCases.TC_002_NewUserRegistrationTest - New User: Intrest,Gender,State and Hobbies enetred.
13:51:26.736 [main] INFO  testCases.TC_002_NewUserRegistrationTest - Chrome Driver is started
13:51:30.239 [main] INFO  testCases.TC_002_NewUserRegistrationTest - Chrome Driver is started
13:51:31.618 [main] INFO  testCases.TC_002_NewUserRegistrationTest - *** Starting TC_002_NewUserRegistrationTest ***
13:51:33.104 [main] INFO  testCases.TC_002_NewUserRegistrationTest - New User: Name,Email,Password entered.
13:51:33.817 [main] INFO  testCases.TC_002_NewUserRegistrationTest - New User: Intrest,Gender,State and Hobbies entred.
13:51:35.188 [main] INFO  testCases.TC_002_NewUserRegistrationTest - *** Finished TC_002_NewUserRegistrationTest ***
18:30:37.448 [main] INFO  testCases.TC_002_NewUserRegistrationTest - Chrome Driver is started
18:30:40.569 [main] INFO  testCases.TC_002_NewUserRegistrationTest - Chrome Driver is started
18:30:41.687 [main] INFO  testCases.TC_002_NewUserRegistrationTest - *** Starting TC_002_NewUserRegistrationTest ***
18:30:42.993 [main] INFO  testCases.TC_002_NewUserRegistrationTest - New User: Name,Email,Password entered.
18:30:43.545 [main] INFO  testCases.TC_002_NewUserRegistrationTest - New User: Intrest,Gender,State and Hobbies entred.
18:30:44.593 [main] INFO  testCases.TC_002_NewUserRegistrationTest - *** Finished TC_002_NewUserRegistrationTest ***
19:11:00.203 [main] INFO  testCases.TC_003_AddNewCourse - Chrome Driver is started
19:11:03.510 [main] INFO  testCases.TC_003_AddNewCourse - Chrome Driver is started
19:11:04.687 [main] INFO  testCases.TC_003_AddNewCourse - ***Strating TC_003 ****
19:11:05.241 [main] INFO  testCases.TC_003_AddNewCourse - Login Username, Password entered.
19:11:06.378 [main] INFO  testCases.TC_003_AddNewCourse - Login is validated or Login done Sucessful
19:11:06.703 [main] INFO  testCases.TC_003_AddNewCourse - On Homepage link ManageCourses is clicked.
19:13:16.924 [main] INFO  testCases.TC_003_AddNewCourse - Chrome Driver is started
19:13:20.206 [main] INFO  testCases.TC_003_AddNewCourse - Chrome Driver is started
19:13:21.502 [main] INFO  testCases.TC_003_AddNewCourse - ***Strating TC_003 ****
19:13:22.052 [main] INFO  testCases.TC_003_AddNewCourse - Login Username, Password entered.
19:13:23.469 [main] INFO  testCases.TC_003_AddNewCourse - Login is validated or Login done Sucessful
19:13:23.781 [main] INFO  testCases.TC_003_AddNewCourse - On Homepage link ManageCourses is clicked.
19:44:50.108 [main] INFO  testCases.TC_003_AddNewCourse - Chrome Driver is started
19:44:53.383 [main] INFO  testCases.TC_003_AddNewCourse - Chrome Driver is started
19:44:54.592 [main] INFO  testCases.TC_003_AddNewCourse - ***Strating TC_003 ****
19:44:55.216 [main] INFO  testCases.TC_003_AddNewCourse - Login Username, Password entered.
19:45:18.525 [main] INFO  testCases.TC_003_AddNewCourse - Login is validated or Login done Sucessful
19:45:18.848 [main] INFO  testCases.TC_003_AddNewCourse - On Homepage link ManageCourses is clicked.
19:45:20.735 [main] INFO  testCases.TC_003_AddNewCourse - On Homepage link ManageCourses is clicked.
20:15:53.414 [main] INFO  testCases.TC_003_AddNewCourse - Chrome Driver is started
20:15:56.217 [main] INFO  testCases.TC_003_AddNewCourse - Chrome Driver is started
20:15:57.416 [main] INFO  testCases.TC_003_AddNewCourse - ***Strating TC_003 ****
20:15:58.050 [main] INFO  testCases.TC_003_AddNewCourse - Login Username, Password entered.
20:16:30.340 [main] INFO  testCases.TC_003_AddNewCourse - Login is validated or Login done Sucessful
20:16:30.667 [main] INFO  testCases.TC_003_AddNewCourse - On Homepage link ManageCourses is clicked.
20:16:32.777 [main] INFO  testCases.TC_003_AddNewCourse - On Homepage link ManageCourses is clicked.
20:20:49.798 [main] INFO  testCases.TC_003_AddNewCourse - Chrome Driver is started
20:20:52.950 [main] INFO  testCases.TC_003_AddNewCourse - Chrome Driver is started
20:20:54.273 [main] INFO  testCases.TC_003_AddNewCourse - ***Strating TC_003 ****
20:20:54.752 [main] INFO  testCases.TC_003_AddNewCourse - Login Username, Password entered.
20:20:55.699 [main] INFO  testCases.TC_003_AddNewCourse - Login is validated or Login done Sucessful
20:20:56.034 [main] INFO  testCases.TC_003_AddNewCourse - On Homepage link ManageCourses is clicked.
20:20:58.037 [main] INFO  testCases.TC_003_AddNewCourse - On Homepage link ManageCourses is clicked.
20:25:29.962 [main] INFO  testCases.TC_003_AddNewCourse - Chrome Driver is started
20:25:32.885 [main] INFO  testCases.TC_003_AddNewCourse - Chrome Driver is started
20:25:33.852 [main] INFO  testCases.TC_003_AddNewCourse - ***Strating TC_003 ****
20:25:34.401 [main] INFO  testCases.TC_003_AddNewCourse - Login Username, Password entered.
20:25:35.502 [main] INFO  testCases.TC_003_AddNewCourse - Login is validated or Login done Sucessful
20:25:35.856 [main] INFO  testCases.TC_003_AddNewCourse - On Homepage link ManageCourses is clicked.
20:25:56.011 [main] INFO  testCases.TC_003_AddNewCourse - On Homepage link ManageCourses is clicked.
20:31:35.319 [main] INFO  testCases.TC_003_AddNewCourse - Chrome Driver is started
20:31:38.319 [main] INFO  testCases.TC_003_AddNewCourse - Chrome Driver is started
20:31:39.125 [main] INFO  testCases.TC_003_AddNewCourse - ***Strating TC_003 ****
20:31:39.538 [main] INFO  testCases.TC_003_AddNewCourse - Login Username, Password entered.
20:31:40.390 [main] INFO  testCases.TC_003_AddNewCourse - Login is validated or Login done Sucessful
20:31:40.702 [main] INFO  testCases.TC_003_AddNewCourse - On Homepage link ManageCourses is clicked.
20:32:00.729 [main] INFO  testCases.TC_003_AddNewCourse - On Homepage link ManageCourses is clicked.
21:44:32.187 [main] INFO  testCases.TC_004_LoginTestDDT - Chrome Driver is started
21:45:31.971 [main] INFO  testCases.TC_004_LoginTestDDT - Chrome Driver is started
21:47:51.004 [main] INFO  testCases.TC_004_LoginTestDDT - Chrome Driver is started
21:47:55.627 [main] INFO  testCases.TC_004_LoginTestDDT - Chrome Driver is started
21:47:56.392 [main] INFO  testCases.TC_004_LoginTestDDT - ***TC_004_LOginTestDDT is strarted***.
21:47:56.888 [main] INFO  testCases.TC_004_LoginTestDDT - Login UserName and Password is entered and Clicked on SignIN button.
21:48:48.776 [main] INFO  testCases.TC_004_LoginTestDDT - Chrome Driver is started
21:48:49.620 [main] INFO  testCases.TC_004_LoginTestDDT - ***TC_004_LOginTestDDT is strarted***.
21:48:49.948 [main] INFO  testCases.TC_004_LoginTestDDT - Login UserName and Password is entered and Clicked on SignIN button.
21:49:41.923 [main] INFO  testCases.TC_004_LoginTestDDT - Chrome Driver is started
21:49:42.686 [main] INFO  testCases.TC_004_LoginTestDDT - ***TC_004_LOginTestDDT is strarted***.
21:49:43.004 [main] INFO  testCases.TC_004_LoginTestDDT - Login UserName and Password is entered and Clicked on SignIN button.
21:50:34.936 [main] INFO  testCases.TC_004_LoginTestDDT - Chrome Driver is started
21:50:35.733 [main] INFO  testCases.TC_004_LoginTestDDT - ***TC_004_LOginTestDDT is strarted***.
21:50:36.128 [main] INFO  testCases.TC_004_LoginTestDDT - Login UserName and Password is entered and Clicked on SignIN button.
21:53:05.670 [main] INFO  testCases.TC_004_LoginTestDDT - Chrome Driver is started
21:53:10.434 [main] INFO  testCases.TC_004_LoginTestDDT - Chrome Driver is started
21:53:11.407 [main] INFO  testCases.TC_004_LoginTestDDT - ***TC_004_LOginTestDDT is strarted***.
21:53:11.838 [main] INFO  testCases.TC_004_LoginTestDDT - Login UserName and Password is entered and Clicked on SignIN button.
21:53:13.217 [main] INFO  testCases.TC_004_LoginTestDDT - Login for user is sucessful.
21:53:13.523 [main] INFO  testCases.TC_004_LoginTestDDT - *** TC_004_LoginTestDDT is Finished***
21:53:15.236 [main] INFO  testCases.TC_004_LoginTestDDT - Chrome Driver is started
21:53:16.086 [main] INFO  testCases.TC_004_LoginTestDDT - ***TC_004_LOginTestDDT is strarted***.
21:53:16.388 [main] INFO  testCases.TC_004_LoginTestDDT - Login UserName and Password is entered and Clicked on SignIN button.
21:54:08.193 [main] INFO  testCases.TC_004_LoginTestDDT - Chrome Driver is started
21:54:08.919 [main] INFO  testCases.TC_004_LoginTestDDT - ***TC_004_LOginTestDDT is strarted***.
21:54:09.249 [main] INFO  testCases.TC_004_LoginTestDDT - Login UserName and Password is entered and Clicked on SignIN button.
21:55:01.254 [main] INFO  testCases.TC_004_LoginTestDDT - Chrome Driver is started
21:55:02.131 [main] INFO  testCases.TC_004_LoginTestDDT - ***TC_004_LOginTestDDT is strarted***.
21:55:02.595 [main] INFO  testCases.TC_004_LoginTestDDT - Login UserName and Password is entered and Clicked on SignIN button.
11:33:29.438 [main] INFO  testCases.TC_005_NewRegistrationDDT - Chrome Driver is started
11:33:36.330 [main] INFO  testCases.TC_005_NewRegistrationDDT - Chrome Driver is started
11:33:37.155 [main] INFO  testCases.TC_005_NewRegistrationDDT - *** Starting TC_005_NewUserRegistration using DDT Test ***
11:34:10.528 [main] INFO  testCases.TC_005_NewRegistrationDDT - New User: Name,Email,Password entered.
11:34:12.665 [main] INFO  testCases.TC_005_NewRegistrationDDT - Chrome Driver is started
11:34:13.619 [main] INFO  testCases.TC_005_NewRegistrationDDT - *** Starting TC_005_NewUserRegistration using DDT Test ***
11:34:14.852 [main] INFO  testCases.TC_005_NewRegistrationDDT - New User: Name,Email,Password entered.
11:34:16.803 [main] INFO  testCases.TC_005_NewRegistrationDDT - Chrome Driver is started
11:34:17.549 [main] INFO  testCases.TC_005_NewRegistrationDDT - *** Starting TC_005_NewUserRegistration using DDT Test ***
11:34:18.705 [main] INFO  testCases.TC_005_NewRegistrationDDT - New User: Name,Email,Password entered.
11:34:19.206 [main] INFO  testCases.TC_005_NewRegistrationDDT - New User: Intrest,Gender,State and Hobbies entred.
11:34:20.863 [main] INFO  testCases.TC_005_NewRegistrationDDT - *** Finished TC_005_NewUserRegistration using DDT Test ***
11:34:22.661 [main] INFO  testCases.TC_005_NewRegistrationDDT - Chrome Driver is started
11:34:23.412 [main] INFO  testCases.TC_005_NewRegistrationDDT - *** Starting TC_005_NewUserRegistration using DDT Test ***
11:34:25.291 [main] INFO  testCases.TC_005_NewRegistrationDDT - New User: Name,Email,Password entered.
11:34:27.426 [main] INFO  testCases.TC_005_NewRegistrationDDT - Chrome Driver is started
11:34:28.219 [main] INFO  testCases.TC_005_NewRegistrationDDT - *** Starting TC_005_NewUserRegistration using DDT Test ***
11:34:29.866 [main] INFO  testCases.TC_005_NewRegistrationDDT - New User: Name,Email,Password entered.
11:34:30.764 [main] INFO  testCases.TC_005_NewRegistrationDDT - New User: Intrest,Gender,State and Hobbies entred.
11:34:31.645 [main] INFO  testCases.TC_005_NewRegistrationDDT - *** Finished TC_005_NewUserRegistration using DDT Test ***
11:34:33.566 [main] INFO  testCases.TC_005_NewRegistrationDDT - Chrome Driver is started
11:34:34.378 [main] INFO  testCases.TC_005_NewRegistrationDDT - *** Starting TC_005_NewUserRegistration using DDT Test ***
11:34:35.562 [main] INFO  testCases.TC_005_NewRegistrationDDT - New User: Name,Email,Password entered.
11:34:36.557 [main] INFO  testCases.TC_005_NewRegistrationDDT - New User: Intrest,Gender,State and Hobbies entred.
11:34:37.728 [main] INFO  testCases.TC_005_NewRegistrationDDT - *** Finished TC_005_NewUserRegistration using DDT Test ***
12:36:04.401 [main] INFO  testCases.TC_005_NewRegistrationDDT - Chrome Driver is started
12:36:10.906 [main] INFO  testCases.TC_005_NewRegistrationDDT - Chrome Driver is started
12:36:11.822 [main] INFO  testCases.TC_005_NewRegistrationDDT - *** Starting TC_005_NewUserRegistration using DDT Test ***
12:36:44.199 [main] INFO  testCases.TC_005_NewRegistrationDDT - New User: Name,Email,Password entered.
12:36:46.343 [main] INFO  testCases.TC_005_NewRegistrationDDT - Chrome Driver is started
12:36:47.148 [main] INFO  testCases.TC_005_NewRegistrationDDT - *** Starting TC_005_NewUserRegistration using DDT Test ***
12:36:48.378 [main] INFO  testCases.TC_005_NewRegistrationDDT - New User: Name,Email,Password entered.
12:36:50.358 [main] INFO  testCases.TC_005_NewRegistrationDDT - Chrome Driver is started
12:36:51.127 [main] INFO  testCases.TC_005_NewRegistrationDDT - *** Starting TC_005_NewUserRegistration using DDT Test ***
12:36:52.859 [main] INFO  testCases.TC_005_NewRegistrationDDT - New User: Name,Email,Password entered.
12:36:53.386 [main] INFO  testCases.TC_005_NewRegistrationDDT - New User: Intrest,Gender,State and Hobbies entred.
12:37:45.288 [main] INFO  testCases.TC_005_NewRegistrationDDT - Chrome Driver is started
12:37:46.037 [main] INFO  testCases.TC_005_NewRegistrationDDT - *** Starting TC_005_NewUserRegistration using DDT Test ***
12:37:47.172 [main] INFO  testCases.TC_005_NewRegistrationDDT - New User: Name,Email,Password entered.
12:37:49.286 [main] INFO  testCases.TC_005_NewRegistrationDDT - Chrome Driver is started
12:37:50.052 [main] INFO  testCases.TC_005_NewRegistrationDDT - *** Starting TC_005_NewUserRegistration using DDT Test ***
12:37:51.207 [main] INFO  testCases.TC_005_NewRegistrationDDT - New User: Name,Email,Password entered.
12:37:51.846 [main] INFO  testCases.TC_005_NewRegistrationDDT - New User: Intrest,Gender,State and Hobbies entred.
12:38:43.699 [main] INFO  testCases.TC_005_NewRegistrationDDT - Chrome Driver is started
12:38:44.467 [main] INFO  testCases.TC_005_NewRegistrationDDT - *** Starting TC_005_NewUserRegistration using DDT Test ***
12:38:45.573 [main] INFO  testCases.TC_005_NewRegistrationDDT - New User: Name,Email,Password entered.
12:38:46.161 [main] INFO  testCases.TC_005_NewRegistrationDDT - New User: Intrest,Gender,State and Hobbies entred.
12:57:31.677 [main] INFO  testCases.TC_005_NewRegistrationDDT - Chrome Driver is started
12:57:38.398 [main] INFO  testCases.TC_005_NewRegistrationDDT - Chrome Driver is started
12:57:39.277 [main] INFO  testCases.TC_005_NewRegistrationDDT - *** Starting TC_005_NewUserRegistration using DDT Test ***
12:57:40.596 [main] INFO  testCases.TC_005_NewRegistrationDDT - New User: Name,Email,Password entered.
12:57:42.708 [main] INFO  testCases.TC_005_NewRegistrationDDT - Chrome Driver is started
12:57:43.507 [main] INFO  testCases.TC_005_NewRegistrationDDT - *** Starting TC_005_NewUserRegistration using DDT Test ***
12:57:45.191 [main] INFO  testCases.TC_005_NewRegistrationDDT - New User: Name,Email,Password entered.
12:57:47.264 [main] INFO  testCases.TC_005_NewRegistrationDDT - Chrome Driver is started
12:57:48.027 [main] INFO  testCases.TC_005_NewRegistrationDDT - *** Starting TC_005_NewUserRegistration using DDT Test ***
12:57:49.745 [main] INFO  testCases.TC_005_NewRegistrationDDT - New User: Name,Email,Password entered.
12:57:51.676 [main] INFO  testCases.TC_005_NewRegistrationDDT - Chrome Driver is started
12:57:52.449 [main] INFO  testCases.TC_005_NewRegistrationDDT - *** Starting TC_005_NewUserRegistration using DDT Test ***
12:57:54.229 [main] INFO  testCases.TC_005_NewRegistrationDDT - New User: Name,Email,Password entered.
12:57:54.878 [main] INFO  testCases.TC_005_NewRegistrationDDT - New User: Intrest,Gender,State and Hobbies entred.
12:57:57.825 [main] INFO  testCases.TC_005_NewRegistrationDDT - Chrome Driver is started
12:57:58.645 [main] INFO  testCases.TC_005_NewRegistrationDDT - *** Starting TC_005_NewUserRegistration using DDT Test ***
12:58:00.440 [main] INFO  testCases.TC_005_NewRegistrationDDT - New User: Name,Email,Password entered.
12:58:02.518 [main] INFO  testCases.TC_005_NewRegistrationDDT - Chrome Driver is started
12:58:03.348 [main] INFO  testCases.TC_005_NewRegistrationDDT - *** Starting TC_005_NewUserRegistration using DDT Test ***
12:58:04.517 [main] INFO  testCases.TC_005_NewRegistrationDDT - New User: Name,Email,Password entered.
12:58:05.127 [main] INFO  testCases.TC_005_NewRegistrationDDT - New User: Intrest,Gender,State and Hobbies entred.
13:15:57.311 [main] INFO  testCases.TC_005_NewRegistrationDDT - Chrome Driver is started
13:16:03.616 [main] INFO  testCases.TC_005_NewRegistrationDDT - Chrome Driver is started
13:16:04.508 [main] INFO  testCases.TC_005_NewRegistrationDDT - *** Starting TC_005_NewUserRegistration using DDT Test ***
13:16:05.929 [main] INFO  testCases.TC_005_NewRegistrationDDT - New User: Name,Email,Password entered.
13:16:08.407 [main] INFO  testCases.TC_005_NewRegistrationDDT - Chrome Driver is started
13:16:09.384 [main] INFO  testCases.TC_005_NewRegistrationDDT - *** Starting TC_005_NewUserRegistration using DDT Test ***
13:16:11.154 [main] INFO  testCases.TC_005_NewRegistrationDDT - New User: Name,Email,Password entered.
13:16:13.229 [main] INFO  testCases.TC_005_NewRegistrationDDT - Chrome Driver is started
13:16:14.063 [main] INFO  testCases.TC_005_NewRegistrationDDT - *** Starting TC_005_NewUserRegistration using DDT Test ***
13:16:15.255 [main] INFO  testCases.TC_005_NewRegistrationDDT - New User: Name,Email,Password entered.
13:16:17.156 [main] INFO  testCases.TC_005_NewRegistrationDDT - Chrome Driver is started
13:16:17.929 [main] INFO  testCases.TC_005_NewRegistrationDDT - *** Starting TC_005_NewUserRegistration using DDT Test ***
13:16:19.091 [main] INFO  testCases.TC_005_NewRegistrationDDT - New User: Name,Email,Password entered.
13:16:19.649 [main] INFO  testCases.TC_005_NewRegistrationDDT - New User: Intrest,Gender,State and Hobbies entred.
13:17:12.048 [main] INFO  testCases.TC_005_NewRegistrationDDT - Chrome Driver is started
13:17:12.925 [main] INFO  testCases.TC_005_NewRegistrationDDT - *** Starting TC_005_NewUserRegistration using DDT Test ***
13:17:14.114 [main] INFO  testCases.TC_005_NewRegistrationDDT - New User: Name,Email,Password entered.
13:17:16.064 [main] INFO  testCases.TC_005_NewRegistrationDDT - Chrome Driver is started
13:17:16.843 [main] INFO  testCases.TC_005_NewRegistrationDDT - *** Starting TC_005_NewUserRegistration using DDT Test ***
13:17:18.501 [main] INFO  testCases.TC_005_NewRegistrationDDT - New User: Name,Email,Password entered.
13:17:19.111 [main] INFO  testCases.TC_005_NewRegistrationDDT - New User: Intrest,Gender,State and Hobbies entred.
16:29:24.309 [main] INFO  testCases.TC_001_LoginTest - Chrome Driver is started
16:29:25.145 [main] INFO  testCases.TC_001_LoginTest - *** Starting TC_001_LoginTest ***
16:29:25.611 [main] INFO  testCases.TC_001_LoginTest - Login UserName and Password is entered and Clicked on SignIN button.
16:29:58.215 [main] INFO  testCases.TC_001_LoginTest - Login for user is sucessful.
16:29:58.892 [main] INFO  testCases.TC_001_LoginTest - SignOut for user is done sucessfully.
16:29:58.893 [main] INFO  testCases.TC_001_LoginTest - *** Finish Execution of TC_001_LoginTest ***
16:30:00.778 [main] INFO  testCases.TC_003_AddNewCourse - Chrome Driver is started
16:30:01.676 [main] INFO  testCases.TC_003_AddNewCourse - ***Strating TC_003 ****
16:30:02.068 [main] INFO  testCases.TC_003_AddNewCourse - Login Username, Password entered.
16:30:03.902 [main] INFO  testCases.TC_003_AddNewCourse - Login is validated or Login done Sucessful
16:30:04.244 [main] INFO  testCases.TC_003_AddNewCourse - On Homepage link ManageCourses is clicked.
16:30:24.104 [main] INFO  testCases.TC_003_AddNewCourse - On Homepage link ManageCourses is clicked.
16:30:26.014 [main] INFO  testCases.TC_002_NewUserRegistrationTest - Chrome Driver is started
16:30:26.779 [main] INFO  testCases.TC_002_NewUserRegistrationTest - *** Starting TC_002_NewUserRegistrationTest ***
16:30:28.542 [main] INFO  testCases.TC_002_NewUserRegistrationTest - New User: Name,Email,Password entered.
16:30:28.991 [main] INFO  testCases.TC_002_NewUserRegistrationTest - New User: Intrest,Gender,State and Hobbies entred.
16:30:30.147 [main] INFO  testCases.TC_002_NewUserRegistrationTest - *** Finished TC_002_NewUserRegistrationTest ***
17:21:45.315 [main] INFO  testCases.TC_004_LoginTestDDT - Chrome Driver is started
17:21:49.365 [main] INFO  testCases.TC_004_LoginTestDDT - ***TC_004_LOginTestDDT is strarted***.
17:21:49.758 [main] INFO  testCases.TC_004_LoginTestDDT - Login UserName and Password is entered and Clicked on SignIN button.
17:22:22.088 [main] INFO  testCases.TC_004_LoginTestDDT - Login for user is sucessful.
17:22:22.389 [main] INFO  testCases.TC_004_LoginTestDDT - *** TC_004_LoginTestDDT is Finished***
17:22:22.394 [main] INFO  testCases.TC_004_LoginTestDDT - ***TC_004_LOginTestDDT is strarted***.
17:22:22.988 [main] INFO  testCases.TC_004_LoginTestDDT - Login UserName and Password is entered and Clicked on SignIN button.
17:23:13.033 [main] INFO  testCases.TC_004_LoginTestDDT - ***TC_004_LOginTestDDT is strarted***.
17:23:13.339 [main] INFO  testCases.TC_004_LoginTestDDT - Login UserName and Password is entered and Clicked on SignIN button.
17:24:03.362 [main] INFO  testCases.TC_004_LoginTestDDT - ***TC_004_LOginTestDDT is strarted***.
17:24:03.829 [main] INFO  testCases.TC_004_LoginTestDDT - Login UserName and Password is entered and Clicked on SignIN button.
17:24:56.484 [main] INFO  testCases.TC_001_LoginTest - Chrome Driver is started
17:24:57.490 [main] INFO  testCases.TC_001_LoginTest - *** Starting TC_001_LoginTest ***
17:24:58.056 [main] INFO  testCases.TC_001_LoginTest - Login UserName and Password is entered and Clicked on SignIN button.
17:24:58.968 [main] INFO  testCases.TC_001_LoginTest - Login for user is sucessful.
17:24:59.623 [main] INFO  testCases.TC_001_LoginTest - SignOut for user is done sucessfully.
17:24:59.624 [main] INFO  testCases.TC_001_LoginTest - *** Finish Execution of TC_001_LoginTest ***
17:25:01.807 [main] INFO  testCases.TC_002_NewUserRegistrationTest - Chrome Driver is started
17:25:02.631 [main] INFO  testCases.TC_002_NewUserRegistrationTest - *** Starting TC_002_NewUserRegistrationTest ***
17:25:03.826 [main] INFO  testCases.TC_002_NewUserRegistrationTest - New User: Name,Email,Password entered.
17:25:04.390 [main] INFO  testCases.TC_002_NewUserRegistrationTest - New User: Intrest,Gender,State and Hobbies entred.
17:25:05.726 [main] INFO  testCases.TC_002_NewUserRegistrationTest - *** Finished TC_002_NewUserRegistrationTest ***
17:25:05.726 [main] INFO  testCases.TC_002_NewUserRegistrationTest - *** Finished TC_002_NewUserRegistrationTest ***
17:26:22.560 [main] INFO  testCases.TC_004_LoginTestDDT - Chrome Driver is started
17:26:25.900 [main] INFO  testCases.TC_004_LoginTestDDT - ***TC_004_LOginTestDDT is strarted***.
17:26:26.347 [main] INFO  testCases.TC_004_LoginTestDDT - Login UserName and Password is entered and Clicked on SignIN button.
17:26:27.181 [main] INFO  testCases.TC_004_LoginTestDDT - Login for user is sucessful.
17:26:27.485 [main] INFO  testCases.TC_004_LoginTestDDT - *** TC_004_LoginTestDDT is Finished***
17:26:27.489 [main] INFO  testCases.TC_004_LoginTestDDT - ***TC_004_LOginTestDDT is strarted***.
17:26:28.087 [main] INFO  testCases.TC_004_LoginTestDDT - Login UserName and Password is entered and Clicked on SignIN button.
17:27:18.138 [main] INFO  testCases.TC_004_LoginTestDDT - ***TC_004_LOginTestDDT is strarted***.
17:27:18.394 [main] INFO  testCases.TC_004_LoginTestDDT - Login UserName and Password is entered and Clicked on SignIN button.
17:28:08.413 [main] INFO  testCases.TC_004_LoginTestDDT - ***TC_004_LOginTestDDT is strarted***.
17:28:08.761 [main] INFO  testCases.TC_004_LoginTestDDT - Login UserName and Password is entered and Clicked on SignIN button.
17:29:00.853 [main] INFO  testCases.TC_001_LoginTest - Chrome Driver is started
17:29:01.690 [main] INFO  testCases.TC_001_LoginTest - *** Starting TC_001_LoginTest ***
17:29:02.333 [main] INFO  testCases.TC_001_LoginTest - Login UserName and Password is entered and Clicked on SignIN button.
17:29:03.665 [main] INFO  testCases.TC_001_LoginTest - Login for user is sucessful.
17:29:04.324 [main] INFO  testCases.TC_001_LoginTest - SignOut for user is done sucessfully.
17:29:04.324 [main] INFO  testCases.TC_001_LoginTest - *** Finish Execution of TC_001_LoginTest ***
17:29:06.380 [main] INFO  testCases.TC_002_NewUserRegistrationTest - Chrome Driver is started
17:29:07.175 [main] INFO  testCases.TC_002_NewUserRegistrationTest - *** Starting TC_002_NewUserRegistrationTest ***
17:29:08.903 [main] INFO  testCases.TC_002_NewUserRegistrationTest - New User: Name,Email,Password entered.
17:29:09.388 [main] INFO  testCases.TC_002_NewUserRegistrationTest - New User: Intrest,Gender,State and Hobbies entred.
17:29:10.201 [main] INFO  testCases.TC_002_NewUserRegistrationTest - *** Finished TC_002_NewUserRegistrationTest ***
17:29:10.202 [main] INFO  testCases.TC_002_NewUserRegistrationTest - *** Finished TC_002_NewUserRegistrationTest ***
17:30:19.868 [main] INFO  testCases.TC_001_LoginTest - Chrome Driver is started
17:30:20.695 [main] INFO  testCases.TC_001_LoginTest - *** Starting TC_001_LoginTest ***
17:30:21.259 [main] INFO  testCases.TC_001_LoginTest - Login UserName and Password is entered and Clicked on SignIN button.
17:30:22.369 [main] INFO  testCases.TC_001_LoginTest - Login for user is sucessful.
17:30:23.062 [main] INFO  testCases.TC_001_LoginTest - SignOut for user is done sucessfully.
17:30:23.062 [main] INFO  testCases.TC_001_LoginTest - *** Finish Execution of TC_001_LoginTest ***
17:30:24.934 [main] INFO  testCases.TC_002_NewUserRegistrationTest - Chrome Driver is started
17:30:25.813 [main] INFO  testCases.TC_002_NewUserRegistrationTest - *** Starting TC_002_NewUserRegistrationTest ***
17:30:27.096 [main] INFO  testCases.TC_002_NewUserRegistrationTest - New User: Name,Email,Password entered.
17:30:27.648 [main] INFO  testCases.TC_002_NewUserRegistrationTest - New User: Intrest,Gender,State and Hobbies entred.
17:30:28.689 [main] INFO  testCases.TC_002_NewUserRegistrationTest - *** Finished TC_002_NewUserRegistrationTest ***
17:30:28.689 [main] INFO  testCases.TC_002_NewUserRegistrationTest - *** Finished TC_002_NewUserRegistrationTest ***
17:39:15.209 [main] INFO  testCases.TC_001_LoginTest - Chrome Driver is started
17:39:16.018 [main] INFO  testCases.TC_001_LoginTest - *** Starting TC_001_LoginTest ***
17:39:16.568 [main] INFO  testCases.TC_001_LoginTest - Login UserName and Password is entered and Clicked on SignIN button.
17:39:17.507 [main] INFO  testCases.TC_001_LoginTest - Login for user is sucessful.
17:39:18.211 [main] INFO  testCases.TC_001_LoginTest - SignOut for user is done sucessfully.
17:39:18.211 [main] INFO  testCases.TC_001_LoginTest - *** Finish Execution of TC_001_LoginTest ***
17:39:20.222 [main] INFO  testCases.TC_002_NewUserRegistrationTest - Chrome Driver is started
17:39:21.034 [main] INFO  testCases.TC_002_NewUserRegistrationTest - *** Starting TC_002_NewUserRegistrationTest ***
17:39:22.409 [main] INFO  testCases.TC_002_NewUserRegistrationTest - New User: Name,Email,Password entered.
17:39:22.936 [main] INFO  testCases.TC_002_NewUserRegistrationTest - New User: Intrest,Gender,State and Hobbies entred.
17:39:23.847 [main] INFO  testCases.TC_002_NewUserRegistrationTest - *** Finished TC_002_NewUserRegistrationTest ***
17:39:23.847 [main] INFO  testCases.TC_002_NewUserRegistrationTest - *** Finished TC_002_NewUserRegistrationTest ***
17:48:41.445 [main] INFO  testCases.TC_001_LoginTest - Chrome Driver is started
17:48:42.541 [main] INFO  testCases.TC_001_LoginTest - *** Starting TC_001_LoginTest ***
17:48:43.159 [main] INFO  testCases.TC_001_LoginTest - Login UserName and Password is entered and Clicked on SignIN button.
17:48:44.726 [main] INFO  testCases.TC_001_LoginTest - Login for user is sucessful.
17:48:45.385 [main] INFO  testCases.TC_001_LoginTest - SignOut for user is done sucessfully.
17:48:45.385 [main] INFO  testCases.TC_001_LoginTest - *** Finish Execution of TC_001_LoginTest ***
17:48:47.216 [main] INFO  testCases.TC_002_NewUserRegistrationTest - Chrome Driver is started
17:48:47.992 [main] INFO  testCases.TC_002_NewUserRegistrationTest - *** Starting TC_002_NewUserRegistrationTest ***
17:48:49.254 [main] INFO  testCases.TC_002_NewUserRegistrationTest - New User: Name,Email,Password entered.
17:48:49.743 [main] INFO  testCases.TC_002_NewUserRegistrationTest - New User: Intrest,Gender,State and Hobbies entred.
17:48:50.627 [main] INFO  testCases.TC_002_NewUserRegistrationTest - *** Finished TC_002_NewUserRegistrationTest ***
17:48:50.627 [main] INFO  testCases.TC_002_NewUserRegistrationTest - *** Finished TC_002_NewUserRegistrationTest ***
